<?xml version="1.0" encoding="UTF-8"?>
<!-- Generated by org.testng.reporters.JUnitReportReporter -->
<testsuite hostname="Flexagon1008" name="TestClass" tests="2" failures="0" timestamp="4 Jan 2023 09:07:00 GMT" time="10.025" errors="0">
  <testcase name="unitLevel1TestClass" time="5.016" classname="TestClass"/>
  <testcase name="unitLevel2TestClass" time="5.009" classname="TestClass"/>
</testsuite> <!-- TestClass -->
