<?xml version="1.0" encoding="UTF-8"?>
<!-- Generated by org.testng.reporters.JUnitReportReporter -->
<testsuite hostname="Flexagon1008" name="DataProviderTest" tests="3" failures="0" timestamp="4 Jan 2023 09:07:00 GMT" time="0.001" errors="0">
  <testcase name="testDataProviderMethod" time="0.000" classname="DataProviderTest"/>
  <testcase name="testDataProviderMethod" time="0.001" classname="DataProviderTest"/>
  <testcase name="testDataProviderMethod" time="0.000" classname="DataProviderTest"/>
</testsuite> <!-- DataProviderTest -->
